<?xml version="1.0" encoding="utf-8"?><testsuites name="pytest tests"><testsuite name="pytest" errors="0" failures="0" skipped="0" tests="8" time="2.512" timestamp="2026-09-20T20:06:15.449464+00:00" hostname="agent-env-8fde341a-b435-44e4-89d7-fbfdb4a6ed1d"><testcase classname="tests.backend_test" name="test_health" time="0.303" /><testcase classname="tests.backend_test" name="test_root" time="0.082" /><testcase classname="tests.backend_test" name="test_leaderboard_post_and_score_computed" time="0.091" /><testcase classname="tests.backend_test" name="test_leaderboard_get_sorted" time="0.256" /><testcase classname="tests.backend_test" name="test_leaderboard_name_truncated_and_empty" time="0.703" /><testcase classname="tests.backend_test" name="test_monetization_log_post_get" time="0.143" /><testcase classname="tests.backend_test" name="test_monetization_summary" time="0.224" /><testcase classname="tests.backend_test" name="test_monetization_log_missing_event_type" time="0.075" /></testsuite></testsuites>